<?xml version="1.0" encoding="UTF-8"?>
<testsuite xmlns:xsi="http://www.w3.org/2001/XMLSchema-instance" xsi:noNamespaceSchemaLocation="https://maven.apache.org/surefire/maven-surefire-plugin/xsd/surefire-test-report-3.0.xsd" version="3.0" name="com.example.SpringBootOauth2ApplicationTests" time="5.937" tests="1" errors="0" skipped="0" failures="0">
  <properties>
[...]
</properties>
  <testcase name="contextLoads" classname="com.example.SpringBootOauth2ApplicationTests" time="1.385">
    <system-out><![CDATA[15:20:36.851 [main] INFO org.springframework.test.context.support.AnnotationConfigContextLoaderUtils -- Could not detect default configuration classes for test class [com.example.SpringBootOauth2ApplicationTests]: SpringBootOauth2ApplicationTests does not declare any static, non-private, non-final, nested classes annotated with @Configuration.
15:20:36.993 [main] INFO org.springframework.boot.test.context.SpringBootTestContextBootstrapper -- Found @SpringBootConfiguration com.example.SpringBootOauth2Application for test class com.example.SpringBootOauth2ApplicationTests

  .   ____          _            __ _ _
 /\\ / ___'_ __ _ _(_)_ __  __ _ \ \ \ \
( ( )\___ | '_ | '_| | '_ \/ _` | \ \ \ \
 \\/  ___)| |_)| | | | | || (_| |  ) ) ) )
  '  |____| .__|_| |_|_| |_\__, | / / / /
 =========|_|==============|___/=/_/_/_/

 :: Spring Boot ::                (v3.3.3)

2024-09-19T15:20:37.781+05:30  INFO 10132 --- [spring-boot-oauth2] [           main] c.e.SpringBootOauth2ApplicationTests     : Starting SpringBootOauth2ApplicationTests using Java 17.0.12 with PID 10132 (started by Jaya Sri in C:\Users\Jaya Sri\IdeaProjects\spring-boot-oauth2)
2024-09-19T15:20:37.784+05:30  INFO 10132 --- [spring-boot-oauth2] [           main] c.e.SpringBootOauth2ApplicationTests     : No active profile set, falling back to 1 default profile: "default"
2024-09-19T15:20:41.155+05:30  INFO 10132 --- [spring-boot-oauth2] [           main] c.e.SpringBootOauth2ApplicationTests     : Started SpringBootOauth2ApplicationTests in 3.896 seconds (process running for 5.347)
]]></system-out>
  </testcase>
</testsuite>